>BP M1 "R;DB K L1;G"
>BP M2 "R;DB K L1;G"
>BP M3 "R;DB K L1;G"
>BP M4 "R;DB K L1;G"
>BP M5 "R;DB K L1;G"
>BP M6 "R;DB K L1;G"
>G
AX=46F6  BX=0000  CX=0000  DX=0000  SP=0200  BP=0000  SI=0000  DI=0000  
DS=46F6  ES=46C6  SS=46D6  CS=46F7  IP=0005  NV UP EI PL NZ NA PO NC 
M1:
16:	     M1: MOV K,2
46F7:0005 C606090002     MOV       Byte Ptr [K (0009)],02    ;BR0  DS:0009=00
46F6:0000                         -   00                             .
AX=4601  BX=0000  CX=0008  DX=0000  SP=0200  BP=0000  SI=0000  DI=0000  
DS=46F6  ES=46C6  SS=46D6  CS=46F7  IP=0013  NV UP EI PL NZ NA PO NC 
M2:
20:	     M2: TEST X[SI],AL ; 
46F7:0013 84840000       TEST      AL,Byte Ptr [SI+X]        ;BR1  DS:0000=00
46F6:0000                         -   02                             .
AX=4601  BX=0000  CX=0008  DX=0000  SP=0200  BP=0000  SI=0000  DI=0000  
DS=46F6  ES=46C6  SS=46D6  CS=46F7  IP=001F  NV UP EI PL NZ NA PO NC 
M3:
24:	     M3: INC SI ; увеличение индекса массива
46F7:001F 46             INC       SI                        ;BR2
46F6:0000                         -   01                             .
AX=4601  BX=0000  CX=0007  DX=0000  SP=0200  BP=0000  SI=0001  DI=0000  
DS=46F6  ES=46C6  SS=46D6  CS=46F7  IP=0013  NV UP EI PL NZ NA PO NC 
M2:
20:	     M2: TEST X[SI],AL ; 
46F7:0013 84840000       TEST      AL,Byte Ptr [SI+X]        ;BR1  DS:0001=01
46F6:0000                         -   01                             .
AX=4601  BX=0000  CX=0007  DX=0000  SP=0200  BP=0000  SI=0001  DI=0000  
DS=46F6  ES=46C6  SS=46D6  CS=46F7  IP=001F  NV UP EI PL NZ NA PO NC 
M3:
24:	     M3: INC SI ; увеличение индекса массива
46F7:001F 46             INC       SI                        ;BR2
46F6:0000                         -   01                             .
AX=4601  BX=0000  CX=0006  DX=0000  SP=0200  BP=0000  SI=0002  DI=0000  
DS=46F6  ES=46C6  SS=46D6  CS=46F7  IP=0013  NV UP EI PL NZ NA PO NC 
M2:
20:	     M2: TEST X[SI],AL ; 
46F7:0013 84840000       TEST      AL,Byte Ptr [SI+X]        ;BR1  DS:0002=02
46F6:0000                         -   01                             .
AX=4601  BX=0000  CX=0006  DX=0000  SP=0200  BP=0000  SI=0002  DI=0000  
DS=46F6  ES=46C6  SS=46D6  CS=46F7  IP=0022  NV UP EI PL ZR NA PE NC 
M4:
26:	     M4: ADD SI,'0' ; 
46F7:0022 83C630         ADD       SI,+30                    ;BR3
46F6:0000                         -   00                             .
AX=0201  BX=0000  CX=0006  DX=0032  SP=0200  BP=0000  SI=0032  DI=0000  
DS=46F6  ES=46C6  SS=46D6  CS=46F7  IP=0029  NV UP EI PL NZ NA PO NC 
M5:
29:	     M5: INT 21H ; вызов функции DOS 02h
46F7:0029 CD21           INT       21                        ;BR4
46F6:0000                         -   00                             .
AX=0232  BX=0000  CX=0006  DX=0032  SP=0200  BP=0000  SI=0032  DI=0000  
DS=46F6  ES=46C6  SS=46D6  CS=46F7  IP=002B  NV UP EI PL NZ NA PO NC 
M6:
30:	     M6: MOV AH,4CH ; 4C - код функции DOS завершение программы
46F7:002B B44C           MOV       AH,4C                     ;BR5
46F6:0000                         -   00                             .
Program terminated normally (0)
>